This is pdfTeX, Version 3.141592653-2.6-1.40.23 (TeX Live 2021/W32TeX) (preloaded format=pdflatex 2022.3.15)  28 MAR 2022 07:58
entering extended mode
 restricted \write18 enabled.
 %&-line parsing enabled.
**3Graficas.tex
(./3Graficas.tex
LaTeX2e <2021-11-15> patch level 1
L3 programming layer <2022-02-24> (c:/Users/guerr/AppData/Roaming/TinyTeX/texmf-dist/tex/latex/beamer/beamer.cls
Document Class: beamer 2022/02/08 v3.66 A class for typesetting presentations
(c:/Users/guerr/AppData/Roaming/TinyTeX/texmf-dist/tex/latex/beamer/beamerbasemodes.sty (c:/Users/guerr/AppData/Roaming/TinyTeX/texmf-dist/tex/latex/etoolbox/etoolbox.sty
Package: etoolbox 2020/10/05 v2.5k e-TeX tools for LaTeX (JAW)
\etb@tempcnta=\count185
)
\beamer@tempbox=\box50
\beamer@tempcount=\count186
\c@beamerpauses=\count187
(c:/Users/guerr/AppData/Roaming/TinyTeX/texmf-dist/tex/latex/beamer/beamerbasedecode.sty
\beamer@slideinframe=\count188
\beamer@minimum=\count189
\beamer@decode@box=\box51
)
\beamer@commentbox=\box52
\beamer@modecount=\count190
) (c:/Users/guerr/AppData/Roaming/TinyTeX/texmf-dist/tex/generic/iftex/iftex.sty
Package: iftex 2022/02/03 v1.0f TeX engine tests
)
\headdp=\dimen138
\footheight=\dimen139
\sidebarheight=\dimen140
\beamer@tempdim=\dimen141
\beamer@finalheight=\dimen142
\beamer@animht=\dimen143
\beamer@animdp=\dimen144
\beamer@animwd=\dimen145
\beamer@leftmargin=\dimen146
\beamer@rightmargin=\dimen147
\beamer@leftsidebar=\dimen148
\beamer@rightsidebar=\dimen149
\beamer@boxsize=\dimen150
\beamer@vboxoffset=\dimen151
\beamer@descdefault=\dimen152
\beamer@descriptionwidth=\dimen153
\beamer@lastskip=\skip47
\beamer@areabox=\box53
\beamer@animcurrent=\box54
\beamer@animshowbox=\box55
\beamer@sectionbox=\box56
\beamer@logobox=\box57
\beamer@linebox=\box58
\beamer@sectioncount=\count191
\beamer@subsubsectionmax=\count192
\beamer@subsectionmax=\count193
\beamer@sectionmax=\count194
\beamer@totalheads=\count195
\beamer@headcounter=\count196
\beamer@partstartpage=\count197
\beamer@sectionstartpage=\count198
\beamer@subsectionstartpage=\count199
\beamer@animationtempa=\count266
\beamer@animationtempb=\count267
\beamer@xpos=\count268
\beamer@ypos=\count269
\beamer@ypos@offset=\count270
\beamer@showpartnumber=\count271
\beamer@currentsubsection=\count272
\beamer@coveringdepth=\count273
\beamer@sectionadjust=\count274
\beamer@toclastsection=\count275
\beamer@tocsectionnumber=\count276
(c:/Users/guerr/AppData/Roaming/TinyTeX/texmf-dist/tex/latex/beamer/beamerbaseoptions.sty (c:/Users/guerr/AppData/Roaming/TinyTeX/texmf-dist/tex/latex/graphics/keyval.sty
Package: keyval 2014/10/28 v1.15 key=value parser (DPC)
\KV@toks@=\toks16
))
\beamer@paperwidth=\skip48
\beamer@paperheight=\skip49
(c:/Users/guerr/AppData/Roaming/TinyTeX/texmf-dist/tex/latex/geometry/geometry.sty
Package: geometry 2020/01/02 v5.9 Page Geometry
(c:/Users/guerr/AppData/Roaming/TinyTeX/texmf-dist/tex/generic/iftex/ifvtex.sty
Package: ifvtex 2019/10/25 v1.7 ifvtex legacy package. Use iftex instead.
)
\Gm@cnth=\count277
\Gm@cntv=\count278
\c@Gm@tempcnt=\count279
\Gm@bindingoffset=\dimen154
\Gm@wd@mp=\dimen155
\Gm@odd@mp=\dimen156
\Gm@even@mp=\dimen157
\Gm@layoutwidth=\dimen158
\Gm@layoutheight=\dimen159
\Gm@layouthoffset=\dimen160
\Gm@layoutvoffset=\dimen161
\Gm@dimlist=\toks17
) (c:/Users/guerr/AppData/Roaming/TinyTeX/texmf-dist/tex/latex/pgf/math/pgfmath.sty (c:/Users/guerr/AppData/Roaming/TinyTeX/texmf-dist/tex/latex/pgf/utilities/pgfrcs.sty (c:/Users/guerr/AppData/Roaming/TinyTeX/texmf-dist/tex/generic/pgf/utilities/pgfutil-common.tex
\pgfutil@everybye=\toks18
\pgfutil@tempdima=\dimen162
\pgfutil@tempdimb=\dimen163
(c:/Users/guerr/AppData/Roaming/TinyTeX/texmf-dist/tex/generic/pgf/utilities/pgfutil-common-lists.tex)) (c:/Users/guerr/AppData/Roaming/TinyTeX/texmf-dist/tex/generic/pgf/utilities/pgfutil-latex.def
\pgfutil@abb=\box59
) (c:/Users/guerr/AppData/Roaming/TinyTeX/texmf-dist/tex/generic/pgf/utilities/pgfrcs.code.tex (c:/Users/guerr/AppData/Roaming/TinyTeX/texmf-dist/tex/generic/pgf/pgf.revision.tex)
Package: pgfrcs 2021/05/15 v3.1.9a (3.1.9a)
)) (c:/Users/guerr/AppData/Roaming/TinyTeX/texmf-dist/tex/latex/pgf/utilities/pgfkeys.sty (c:/Users/guerr/AppData/Roaming/TinyTeX/texmf-dist/tex/generic/pgf/utilities/pgfkeys.code.tex
\pgfkeys@pathtoks=\toks19
\pgfkeys@temptoks=\toks20
(c:/Users/guerr/AppData/Roaming/TinyTeX/texmf-dist/tex/generic/pgf/utilities/pgfkeysfiltered.code.tex
\pgfkeys@tmptoks=\toks21
))) (c:/Users/guerr/AppData/Roaming/TinyTeX/texmf-dist/tex/generic/pgf/math/pgfmath.code.tex (c:/Users/guerr/AppData/Roaming/TinyTeX/texmf-dist/tex/generic/pgf/math/pgfmathcalc.code.tex (c:/Users/guerr/AppData/Roaming/TinyTeX/texmf-dist/tex/generic/pgf/math/pgfmathutil.code.tex
\pgf@x=\dimen164
\pgf@xa=\dimen165
\pgf@xb=\dimen166
\pgf@xc=\dimen167
\pgf@y=\dimen168
\pgf@ya=\dimen169
\pgf@yb=\dimen170
\pgf@yc=\dimen171
\c@pgf@counta=\count280
\c@pgf@countb=\count281
\c@pgf@countc=\count282
\c@pgf@countd=\count283
) (c:/Users/guerr/AppData/Roaming/TinyTeX/texmf-dist/tex/generic/pgf/math/pgfmathparser.code.tex
\pgfmath@dimen=\dimen172
\pgfmath@count=\count284
\pgfmath@box=\box60
\pgfmath@toks=\toks22
\pgfmath@stack@operand=\toks23
\pgfmath@stack@operation=\toks24
) (c:/Users/guerr/AppData/Roaming/TinyTeX/texmf-dist/tex/generic/pgf/math/pgfmathfunctions.code.tex (c:/Users/guerr/AppData/Roaming/TinyTeX/texmf-dist/tex/generic/pgf/math/pgfmathfunctions.basic.code.tex) (c:/Users/guerr/AppData/Roaming/TinyTeX/texmf-dist/tex/generic/pgf/math/pgfmathfunctions.trigonometric.code.tex) (c:/Users/guerr/AppData/Roaming/TinyTeX/texmf-dist/tex/generic/pgf/math/pgfmathfunctions.random.code.tex) (c:/Users/guerr/AppData/Roaming/TinyTeX/texmf-dist/tex/generic/pgf/math/pgfmathfunctions.comparison.code.tex) (c:/Users/guerr/AppData/Roaming/TinyTeX/texmf-dist/tex/generic/pgf/math/pgfmathfunctions.base.code.tex) (c:/Users/guerr/AppData/Roaming/TinyTeX/texmf-dist/tex/generic/pgf/math/pgfmathfunctions.round.code.tex) (c:/Users/guerr/AppData/Roaming/TinyTeX/texmf-dist/tex/generic/pgf/math/pgfmathfunctions.misc.code.tex) (c:/Users/guerr/AppData/Roaming/TinyTeX/texmf-dist/tex/generic/pgf/math/pgfmathfunctions.integerarithmetics.code.tex))) (c:/Users/guerr/AppData/Roaming/TinyTeX/texmf-dist/tex/generic/pgf/math/pgfmathfloat.code.tex
\c@pgfmathroundto@lastzeros=\count285
))) (c:/Users/guerr/AppData/Roaming/TinyTeX/texmf-dist/tex/latex/base/size11.clo
File: size11.clo 2021/10/04 v1.4n Standard LaTeX file (size option)
) (c:/Users/guerr/AppData/Roaming/TinyTeX/texmf-dist/tex/latex/pgf/basiclayer/pgfcore.sty (c:/Users/guerr/AppData/Roaming/TinyTeX/texmf-dist/tex/latex/graphics/graphicx.sty
Package: graphicx 2021/09/16 v1.2d Enhanced LaTeX Graphics (DPC,SPQR)
(c:/Users/guerr/AppData/Roaming/TinyTeX/texmf-dist/tex/latex/graphics/graphics.sty
Package: graphics 2021/03/04 v1.4d Standard LaTeX Graphics (DPC,SPQR)
(c:/Users/guerr/AppData/Roaming/TinyTeX/texmf-dist/tex/latex/graphics/trig.sty
Package: trig 2021/08/11 v1.11 sin cos tan (DPC)
) (c:/Users/guerr/AppData/Roaming/TinyTeX/texmf-dist/tex/latex/graphics-cfg/graphics.cfg
File: graphics.cfg 2016/06/04 v1.11 sample graphics configuration
)
Package graphics Info: Driver file: pdftex.def on input line 107.
(c:/Users/guerr/AppData/Roaming/TinyTeX/texmf-dist/tex/latex/graphics-def/pdftex.def
File: pdftex.def 2020/10/05 v1.2a Graphics/color driver for pdftex
))
\Gin@req@height=\dimen173
\Gin@req@width=\dimen174
) (c:/Users/guerr/AppData/Roaming/TinyTeX/texmf-dist/tex/latex/pgf/systemlayer/pgfsys.sty (c:/Users/guerr/AppData/Roaming/TinyTeX/texmf-dist/tex/generic/pgf/systemlayer/pgfsys.code.tex
Package: pgfsys 2021/05/15 v3.1.9a (3.1.9a)
(c:/Users/guerr/AppData/Roaming/TinyTeX/texmf-dist/tex/generic/pgf/utilities/pgfkeys.code.tex)
\pgf@x=\dimen175
\pgf@y=\dimen176
\pgf@xa=\dimen177
\pgf@ya=\dimen178
\pgf@xb=\dimen179
\pgf@yb=\dimen180
\pgf@xc=\dimen181
\pgf@yc=\dimen182
\pgf@xd=\dimen183
\pgf@yd=\dimen184
\w@pgf@writea=\write3
\r@pgf@reada=\read2
\c@pgf@counta=\count286
\c@pgf@countb=\count287
\c@pgf@countc=\count288
\c@pgf@countd=\count289
\t@pgf@toka=\toks25
\t@pgf@tokb=\toks26
\t@pgf@tokc=\toks27
\pgf@sys@id@count=\count290
(c:/Users/guerr/AppData/Roaming/TinyTeX/texmf-dist/tex/generic/pgf/systemlayer/pgf.cfg
File: pgf.cfg 2021/05/15 v3.1.9a (3.1.9a)
)
Driver file for pgf: pgfsys-pdftex.def
(c:/Users/guerr/AppData/Roaming/TinyTeX/texmf-dist/tex/generic/pgf/systemlayer/pgfsys-pdftex.def
File: pgfsys-pdftex.def 2021/05/15 v3.1.9a (3.1.9a)
(c:/Users/guerr/AppData/Roaming/TinyTeX/texmf-dist/tex/generic/pgf/systemlayer/pgfsys-common-pdf.def
File: pgfsys-common-pdf.def 2021/05/15 v3.1.9a (3.1.9a)
))) (c:/Users/guerr/AppData/Roaming/TinyTeX/texmf-dist/tex/generic/pgf/systemlayer/pgfsyssoftpath.code.tex
File: pgfsyssoftpath.code.tex 2021/05/15 v3.1.9a (3.1.9a)
\pgfsyssoftpath@smallbuffer@items=\count291
\pgfsyssoftpath@bigbuffer@items=\count292
) (c:/Users/guerr/AppData/Roaming/TinyTeX/texmf-dist/tex/generic/pgf/systemlayer/pgfsysprotocol.code.tex
File: pgfsysprotocol.code.tex 2021/05/15 v3.1.9a (3.1.9a)
)) (c:/Users/guerr/AppData/Roaming/TinyTeX/texmf-dist/tex/latex/xcolor/xcolor.sty
Package: xcolor 2021/10/31 v2.13 LaTeX color extensions (UK)
(c:/Users/guerr/AppData/Roaming/TinyTeX/texmf-dist/tex/latex/graphics-cfg/color.cfg
File: color.cfg 2016/01/02 v1.6 sample color configuration
)
Package xcolor Info: Driver file: pdftex.def on input line 227.
Package xcolor Info: Model `cmy' substituted by `cmy0' on input line 1352.
Package xcolor Info: Model `hsb' substituted by `rgb' on input line 1356.
Package xcolor Info: Model `RGB' extended on input line 1368.
Package xcolor Info: Model `HTML' substituted by `rgb' on input line 1370.
Package xcolor Info: Model `Hsb' substituted by `hsb' on input line 1371.
Package xcolor Info: Model `tHsb' substituted by `hsb' on input line 1372.
Package xcolor Info: Model `HSB' substituted by `hsb' on input line 1373.
Package xcolor Info: Model `Gray' substituted by `gray' on input line 1374.
Package xcolor Info: Model `wave' substituted by `hsb' on input line 1375.
) (c:/Users/guerr/AppData/Roaming/TinyTeX/texmf-dist/tex/generic/pgf/basiclayer/pgfcore.code.tex
Package: pgfcore 2021/05/15 v3.1.9a (3.1.9a)
(c:/Users/guerr/AppData/Roaming/TinyTeX/texmf-dist/tex/generic/pgf/math/pgfmath.code.tex) (c:/Users/guerr/AppData/Roaming/TinyTeX/texmf-dist/tex/generic/pgf/math/pgfint.code.tex) (c:/Users/guerr/AppData/Roaming/TinyTeX/texmf-dist/tex/generic/pgf/basiclayer/pgfcorepoints.code.tex
File: pgfcorepoints.code.tex 2021/05/15 v3.1.9a (3.1.9a)
\pgf@picminx=\dimen185
\pgf@picmaxx=\dimen186
\pgf@picminy=\dimen187
\pgf@picmaxy=\dimen188
\pgf@pathminx=\dimen189
\pgf@pathmaxx=\dimen190
\pgf@pathminy=\dimen191
\pgf@pathmaxy=\dimen192
\pgf@xx=\dimen193
\pgf@xy=\dimen194
\pgf@yx=\dimen195
\pgf@yy=\dimen196
\pgf@zx=\dimen197
\pgf@zy=\dimen198
) (c:/Users/guerr/AppData/Roaming/TinyTeX/texmf-dist/tex/generic/pgf/basiclayer/pgfcorepathconstruct.code.tex
File: pgfcorepathconstruct.code.tex 2021/05/15 v3.1.9a (3.1.9a)
\pgf@path@lastx=\dimen199
\pgf@path@lasty=\dimen256
) (c:/Users/guerr/AppData/Roaming/TinyTeX/texmf-dist/tex/generic/pgf/basiclayer/pgfcorepathusage.code.tex
File: pgfcorepathusage.code.tex 2021/05/15 v3.1.9a (3.1.9a)
\pgf@shorten@end@additional=\dimen257
\pgf@shorten@start@additional=\dimen258
) (c:/Users/guerr/AppData/Roaming/TinyTeX/texmf-dist/tex/generic/pgf/basiclayer/pgfcorescopes.code.tex
File: pgfcorescopes.code.tex 2021/05/15 v3.1.9a (3.1.9a)
\pgfpic=\box61
\pgf@hbox=\box62
\pgf@layerbox@main=\box63
\pgf@picture@serial@count=\count293
) (c:/Users/guerr/AppData/Roaming/TinyTeX/texmf-dist/tex/generic/pgf/basiclayer/pgfcoregraphicstate.code.tex
File: pgfcoregraphicstate.code.tex 2021/05/15 v3.1.9a (3.1.9a)
\pgflinewidth=\dimen259
) (c:/Users/guerr/AppData/Roaming/TinyTeX/texmf-dist/tex/generic/pgf/basiclayer/pgfcoretransformations.code.tex
File: pgfcoretransformations.code.tex 2021/05/15 v3.1.9a (3.1.9a)
\pgf@pt@x=\dimen260
\pgf@pt@y=\dimen261
\pgf@pt@temp=\dimen262
) (c:/Users/guerr/AppData/Roaming/TinyTeX/texmf-dist/tex/generic/pgf/basiclayer/pgfcorequick.code.tex
File: pgfcorequick.code.tex 2021/05/15 v3.1.9a (3.1.9a)
) (c:/Users/guerr/AppData/Roaming/TinyTeX/texmf-dist/tex/generic/pgf/basiclayer/pgfcoreobjects.code.tex
File: pgfcoreobjects.code.tex 2021/05/15 v3.1.9a (3.1.9a)
) (c:/Users/guerr/AppData/Roaming/TinyTeX/texmf-dist/tex/generic/pgf/basiclayer/pgfcorepathprocessing.code.tex
File: pgfcorepathprocessing.code.tex 2021/05/15 v3.1.9a (3.1.9a)
) (c:/Users/guerr/AppData/Roaming/TinyTeX/texmf-dist/tex/generic/pgf/basiclayer/pgfcorearrows.code.tex
File: pgfcorearrows.code.tex 2021/05/15 v3.1.9a (3.1.9a)
\pgfarrowsep=\dimen263
) (c:/Users/guerr/AppData/Roaming/TinyTeX/texmf-dist/tex/generic/pgf/basiclayer/pgfcoreshade.code.tex
File: pgfcoreshade.code.tex 2021/05/15 v3.1.9a (3.1.9a)
\pgf@max=\dimen264
\pgf@sys@shading@range@num=\count294
\pgf@shadingcount=\count295
) (c:/Users/guerr/AppData/Roaming/TinyTeX/texmf-dist/tex/generic/pgf/basiclayer/pgfcoreimage.code.tex
File: pgfcoreimage.code.tex 2021/05/15 v3.1.9a (3.1.9a)
(c:/Users/guerr/AppData/Roaming/TinyTeX/texmf-dist/tex/generic/pgf/basiclayer/pgfcoreexternal.code.tex
File: pgfcoreexternal.code.tex 2021/05/15 v3.1.9a (3.1.9a)
\pgfexternal@startupbox=\box64
)) (c:/Users/guerr/AppData/Roaming/TinyTeX/texmf-dist/tex/generic/pgf/basiclayer/pgfcorelayers.code.tex
File: pgfcorelayers.code.tex 2021/05/15 v3.1.9a (3.1.9a)
) (c:/Users/guerr/AppData/Roaming/TinyTeX/texmf-dist/tex/generic/pgf/basiclayer/pgfcoretransparency.code.tex
File: pgfcoretransparency.code.tex 2021/05/15 v3.1.9a (3.1.9a)
) (c:/Users/guerr/AppData/Roaming/TinyTeX/texmf-dist/tex/generic/pgf/basiclayer/pgfcorepatterns.code.tex
File: pgfcorepatterns.code.tex 2021/05/15 v3.1.9a (3.1.9a)
) (c:/Users/guerr/AppData/Roaming/TinyTeX/texmf-dist/tex/generic/pgf/basiclayer/pgfcorerdf.code.tex
File: pgfcorerdf.code.tex 2021/05/15 v3.1.9a (3.1.9a)
))) (c:/Users/guerr/AppData/Roaming/TinyTeX/texmf-dist/tex/latex/pgf/utilities/xxcolor.sty
Package: xxcolor 2003/10/24 ver 0.1
\XC@nummixins=\count296
\XC@countmixins=\count297
) (c:/Users/guerr/AppData/Roaming/TinyTeX/texmf-dist/tex/latex/base/atbegshi-ltx.sty
Package: atbegshi-ltx 2021/01/10 v1.0c Emulation of the original atbegshi
package with kernel methods
) (c:/Users/guerr/AppData/Roaming/TinyTeX/texmf-dist/tex/latex/hyperref/hyperref.sty
Package: hyperref 2022-02-21 v7.00n Hypertext links for LaTeX
(c:/Users/guerr/AppData/Roaming/TinyTeX/texmf-dist/tex/generic/ltxcmds/ltxcmds.sty
Package: ltxcmds 2020-05-10 v1.25 LaTeX kernel commands for general use (HO)
) (c:/Users/guerr/AppData/Roaming/TinyTeX/texmf-dist/tex/generic/pdftexcmds/pdftexcmds.sty
Package: pdftexcmds 2020-06-27 v0.33 Utility functions of pdfTeX for LuaTeX (HO)
(c:/Users/guerr/AppData/Roaming/TinyTeX/texmf-dist/tex/generic/infwarerr/infwarerr.sty
Package: infwarerr 2019/12/03 v1.5 Providing info/warning/error messages (HO)
)
Package pdftexcmds Info: \pdf@primitive is available.
Package pdftexcmds Info: \pdf@ifprimitive is available.
Package pdftexcmds Info: \pdfdraftmode found.
) (c:/Users/guerr/AppData/Roaming/TinyTeX/texmf-dist/tex/generic/kvsetkeys/kvsetkeys.sty
Package: kvsetkeys 2019/12/15 v1.18 Key value parser (HO)
) (c:/Users/guerr/AppData/Roaming/TinyTeX/texmf-dist/tex/generic/kvdefinekeys/kvdefinekeys.sty
Package: kvdefinekeys 2019-12-19 v1.6 Define keys (HO)
) (c:/Users/guerr/AppData/Roaming/TinyTeX/texmf-dist/tex/generic/pdfescape/pdfescape.sty
Package: pdfescape 2019/12/09 v1.15 Implements pdfTeX's escape features (HO)
) (c:/Users/guerr/AppData/Roaming/TinyTeX/texmf-dist/tex/latex/hycolor/hycolor.sty
Package: hycolor 2020-01-27 v1.10 Color options for hyperref/bookmark (HO)
) (c:/Users/guerr/AppData/Roaming/TinyTeX/texmf-dist/tex/latex/letltxmacro/letltxmacro.sty
Package: letltxmacro 2019/12/03 v1.6 Let assignment for LaTeX macros (HO)
) (c:/Users/guerr/AppData/Roaming/TinyTeX/texmf-dist/tex/latex/auxhook/auxhook.sty
Package: auxhook 2019-12-17 v1.6 Hooks for auxiliary files (HO)
) (c:/Users/guerr/AppData/Roaming/TinyTeX/texmf-dist/tex/latex/kvoptions/kvoptions.sty
Package: kvoptions 2020-10-07 v3.14 Key value format for package options (HO)
)
\@linkdim=\dimen265
\Hy@linkcounter=\count298
\Hy@pagecounter=\count299
(c:/Users/guerr/AppData/Roaming/TinyTeX/texmf-dist/tex/latex/hyperref/pd1enc.def
File: pd1enc.def 2022-02-21 v7.00n Hyperref: PDFDocEncoding definition (HO)
Now handling font encoding PD1 ...
... no UTF-8 mapping file for font encoding PD1
) (c:/Users/guerr/AppData/Roaming/TinyTeX/texmf-dist/tex/generic/intcalc/intcalc.sty
Package: intcalc 2019/12/15 v1.3 Expandable calculations with integers (HO)
) (c:/Users/guerr/AppData/Roaming/TinyTeX/texmf-dist/tex/generic/etexcmds/etexcmds.sty
Package: etexcmds 2019/12/15 v1.7 Avoid name clashes with e-TeX commands (HO)
)
\Hy@SavedSpaceFactor=\count300
(c:/Users/guerr/AppData/Roaming/TinyTeX/texmf-dist/tex/latex/hyperref/puenc.def
File: puenc.def 2022-02-21 v7.00n Hyperref: PDF Unicode definition (HO)
Now handling font encoding PU ...
... no UTF-8 mapping file for font encoding PU
)
Package hyperref Info: Option `unicode' set `true' on input line 4018.
Package hyperref Info: Option `bookmarks' set `true' on input line 4018.
Package hyperref Info: Option `bookmarksopen' set `true' on input line 4018.
Package hyperref Info: Option `implicit' set `false' on input line 4018.
Package hyperref Info: Hyper figures OFF on input line 4137.
Package hyperref Info: Link nesting OFF on input line 4142.
Package hyperref Info: Hyper index ON on input line 4145.
Package hyperref Info: Plain pages OFF on input line 4152.
Package hyperref Info: Backreferencing OFF on input line 4157.
Package hyperref Info: Implicit mode OFF; no redefinition of LaTeX internals.
Package hyperref Info: Bookmarks ON on input line 4390.
\c@Hy@tempcnt=\count301
(c:/Users/guerr/AppData/Roaming/TinyTeX/texmf-dist/tex/latex/url/url.sty
\Urlmuskip=\muskip16
Package: url 2013/09/16  ver 3.4  Verb mode for urls, etc.
)
LaTeX Info: Redefining \url on input line 4749.
\XeTeXLinkMargin=\dimen266
(c:/Users/guerr/AppData/Roaming/TinyTeX/texmf-dist/tex/generic/bitset/bitset.sty
Package: bitset 2019/12/09 v1.3 Handle bit-vector datatype (HO)
(c:/Users/guerr/AppData/Roaming/TinyTeX/texmf-dist/tex/generic/bigintcalc/bigintcalc.sty
Package: bigintcalc 2019/12/15 v1.5 Expandable calculations on big integers (HO)
))
\Fld@menulength=\count302
\Field@Width=\dimen267
\Fld@charsize=\dimen268
Package hyperref Info: Hyper figures OFF on input line 6027.
Package hyperref Info: Link nesting OFF on input line 6032.
Package hyperref Info: Hyper index ON on input line 6035.
Package hyperref Info: backreferencing OFF on input line 6042.
Package hyperref Info: Link coloring OFF on input line 6047.
Package hyperref Info: Link coloring with OCG OFF on input line 6052.
Package hyperref Info: PDF/A mode OFF on input line 6057.
LaTeX Info: Redefining \ref on input line 6097.
LaTeX Info: Redefining \pageref on input line 6101.
\Hy@abspage=\count303

Package hyperref Message: Stopped early.

)
Package hyperref Info: Driver (autodetected): hpdftex.
(c:/Users/guerr/AppData/Roaming/TinyTeX/texmf-dist/tex/latex/hyperref/hpdftex.def
File: hpdftex.def 2022-02-21 v7.00n Hyperref driver for pdfTeX
(c:/Users/guerr/AppData/Roaming/TinyTeX/texmf-dist/tex/latex/base/atveryend-ltx.sty
Package: atveryend-ltx 2020/08/19 v1.0a Emulation of the original atveryend package
with kernel methods
)
\Fld@listcount=\count304
\c@bookmark@seq@number=\count305
(c:/Users/guerr/AppData/Roaming/TinyTeX/texmf-dist/tex/latex/rerunfilecheck/rerunfilecheck.sty
Package: rerunfilecheck 2019/12/05 v1.9 Rerun checks for auxiliary files (HO)
(c:/Users/guerr/AppData/Roaming/TinyTeX/texmf-dist/tex/generic/uniquecounter/uniquecounter.sty
Package: uniquecounter 2019/12/15 v1.4 Provide unlimited unique counter (HO)
)
Package uniquecounter Info: New unique counter `rerunfilecheck' on input line 286.
)) (c:/Users/guerr/AppData/Roaming/TinyTeX/texmf-dist/tex/latex/beamer/beamerbaserequires.sty (c:/Users/guerr/AppData/Roaming/TinyTeX/texmf-dist/tex/latex/beamer/beamerbasecompatibility.sty) (c:/Users/guerr/AppData/Roaming/TinyTeX/texmf-dist/tex/latex/beamer/beamerbasefont.sty (c:/Users/guerr/AppData/Roaming/TinyTeX/texmf-dist/tex/latex/amsfonts/amssymb.sty
Package: amssymb 2013/01/14 v3.01 AMS font symbols
(c:/Users/guerr/AppData/Roaming/TinyTeX/texmf-dist/tex/latex/amsfonts/amsfonts.sty
Package: amsfonts 2013/01/14 v3.01 Basic AMSFonts support
\@emptytoks=\toks28
\symAMSa=\mathgroup4
\symAMSb=\mathgroup5
LaTeX Font Info:    Redeclaring math symbol \hbar on input line 98.
LaTeX Font Info:    Overwriting math alphabet `\mathfrak' in version `bold'
(Font)                  U/euf/m/n --> U/euf/b/n on input line 106.
))) (c:/Users/guerr/AppData/Roaming/TinyTeX/texmf-dist/tex/latex/beamer/beamerbasetranslator.sty (c:/Users/guerr/AppData/Roaming/TinyTeX/texmf-dist/tex/latex/translator/translator.sty
Package: translator 2021-05-31 v1.12d Easy translation of strings in LaTeX
)) (c:/Users/guerr/AppData/Roaming/TinyTeX/texmf-dist/tex/latex/beamer/beamerbasemisc.sty) (c:/Users/guerr/AppData/Roaming/TinyTeX/texmf-dist/tex/latex/beamer/beamerbasetwoscreens.sty) (c:/Users/guerr/AppData/Roaming/TinyTeX/texmf-dist/tex/latex/beamer/beamerbaseoverlay.sty
\beamer@argscount=\count306
\beamer@lastskipcover=\skip50
\beamer@trivlistdepth=\count307
) (c:/Users/guerr/AppData/Roaming/TinyTeX/texmf-dist/tex/latex/beamer/beamerbasetitle.sty) (c:/Users/guerr/AppData/Roaming/TinyTeX/texmf-dist/tex/latex/beamer/beamerbasesection.sty
\c@lecture=\count308
\c@part=\count309
\c@section=\count310
\c@subsection=\count311
\c@subsubsection=\count312
) (c:/Users/guerr/AppData/Roaming/TinyTeX/texmf-dist/tex/latex/beamer/beamerbaseframe.sty
\beamer@framebox=\box65
\beamer@frametitlebox=\box66
\beamer@zoombox=\box67
\beamer@zoomcount=\count313
\beamer@zoomframecount=\count314
\beamer@frametextheight=\dimen269
\c@subsectionslide=\count315
\beamer@frametopskip=\skip51
\beamer@framebottomskip=\skip52
\beamer@frametopskipautobreak=\skip53
\beamer@framebottomskipautobreak=\skip54
\beamer@envbody=\toks29
\framewidth=\dimen270
\c@framenumber=\count316
) (c:/Users/guerr/AppData/Roaming/TinyTeX/texmf-dist/tex/latex/beamer/beamerbaseverbatim.sty
\beamer@verbatimfileout=\write4
) (c:/Users/guerr/AppData/Roaming/TinyTeX/texmf-dist/tex/latex/beamer/beamerbaseframesize.sty
\beamer@splitbox=\box68
\beamer@autobreakcount=\count317
\beamer@autobreaklastheight=\dimen271
\beamer@frametitletoks=\toks30
\beamer@framesubtitletoks=\toks31
) (c:/Users/guerr/AppData/Roaming/TinyTeX/texmf-dist/tex/latex/beamer/beamerbaseframecomponents.sty
\beamer@footins=\box69
) (c:/Users/guerr/AppData/Roaming/TinyTeX/texmf-dist/tex/latex/beamer/beamerbasecolor.sty) (c:/Users/guerr/AppData/Roaming/TinyTeX/texmf-dist/tex/latex/beamer/beamerbasenotes.sty
\beamer@frameboxcopy=\box70
) (c:/Users/guerr/AppData/Roaming/TinyTeX/texmf-dist/tex/latex/beamer/beamerbasetoc.sty) (c:/Users/guerr/AppData/Roaming/TinyTeX/texmf-dist/tex/latex/beamer/beamerbasetemplates.sty
\beamer@sbttoks=\toks32
(c:/Users/guerr/AppData/Roaming/TinyTeX/texmf-dist/tex/latex/beamer/beamerbaseauxtemplates.sty (c:/Users/guerr/AppData/Roaming/TinyTeX/texmf-dist/tex/latex/beamer/beamerbaseboxes.sty
\bmb@box=\box71
\bmb@colorbox=\box72
\bmb@boxwidth=\dimen272
\bmb@boxheight=\dimen273
\bmb@prevheight=\dimen274
\bmb@temp=\dimen275
\bmb@dima=\dimen276
\bmb@dimb=\dimen277
\bmb@prevheight=\dimen278
)
\beamer@blockheadheight=\dimen279
)) (c:/Users/guerr/AppData/Roaming/TinyTeX/texmf-dist/tex/latex/beamer/beamerbaselocalstructure.sty (c:/Users/guerr/AppData/Roaming/TinyTeX/texmf-dist/tex/latex/tools/enumerate.sty
Package: enumerate 2015/07/23 v3.00 enumerate extensions (DPC)
\@enLab=\toks33
)
\beamer@bibiconwidth=\skip55
\c@figure=\count318
\c@table=\count319
\abovecaptionskip=\skip56
\belowcaptionskip=\skip57
) (c:/Users/guerr/AppData/Roaming/TinyTeX/texmf-dist/tex/latex/beamer/beamerbasenavigation.sty
\beamer@section@min@dim=\dimen280
) (c:/Users/guerr/AppData/Roaming/TinyTeX/texmf-dist/tex/latex/beamer/beamerbasetheorems.sty (c:/Users/guerr/AppData/Roaming/TinyTeX/texmf-dist/tex/latex/amsmath/amsmath.sty
Package: amsmath 2021/10/15 v2.17l AMS math features
\@mathmargin=\skip58
For additional information on amsmath, use the `?' option.
(c:/Users/guerr/AppData/Roaming/TinyTeX/texmf-dist/tex/latex/amsmath/amstext.sty
Package: amstext 2021/08/26 v2.01 AMS text
(c:/Users/guerr/AppData/Roaming/TinyTeX/texmf-dist/tex/latex/amsmath/amsgen.sty
File: amsgen.sty 1999/11/30 v2.0 generic functions
\@emptytoks=\toks34
\ex@=\dimen281
)) (c:/Users/guerr/AppData/Roaming/TinyTeX/texmf-dist/tex/latex/amsmath/amsbsy.sty
Package: amsbsy 1999/11/29 v1.2d Bold Symbols
\pmbraise@=\dimen282
) (c:/Users/guerr/AppData/Roaming/TinyTeX/texmf-dist/tex/latex/amsmath/amsopn.sty
Package: amsopn 2021/08/26 v2.02 operator names
)
\inf@bad=\count320
LaTeX Info: Redefining \frac on input line 234.
\uproot@=\count321
\leftroot@=\count322
LaTeX Info: Redefining \overline on input line 399.
\classnum@=\count323
\DOTSCASE@=\count324
LaTeX Info: Redefining \ldots on input line 496.
LaTeX Info: Redefining \dots on input line 499.
LaTeX Info: Redefining \cdots on input line 620.
\Mathstrutbox@=\box73
\strutbox@=\box74
\big@size=\dimen283
LaTeX Font Info:    Redeclaring font encoding OML on input line 743.
LaTeX Font Info:    Redeclaring font encoding OMS on input line 744.
\macc@depth=\count325
\c@MaxMatrixCols=\count326
\dotsspace@=\muskip17
\c@parentequation=\count327
\dspbrk@lvl=\count328
\tag@help=\toks35
\row@=\count329
\column@=\count330
\maxfields@=\count331
\andhelp@=\toks36
\eqnshift@=\dimen284
\alignsep@=\dimen285
\tagshift@=\dimen286
\tagwidth@=\dimen287
\totwidth@=\dimen288
\lineht@=\dimen289
\@envbody=\toks37
\multlinegap=\skip59
\multlinetaggap=\skip60
\mathdisplay@stack=\toks38
LaTeX Info: Redefining \[ on input line 2938.
LaTeX Info: Redefining \] on input line 2939.
) (c:/Users/guerr/AppData/Roaming/TinyTeX/texmf-dist/tex/latex/amscls/amsthm.sty
Package: amsthm 2020/05/29 v2.20.6
\thm@style=\toks39
\thm@bodyfont=\toks40
\thm@headfont=\toks41
\thm@notefont=\toks42
\thm@headpunct=\toks43
\thm@preskip=\skip61
\thm@postskip=\skip62
\thm@headsep=\skip63
\dth@everypar=\toks44
)
\c@theorem=\count332
) (c:/Users/guerr/AppData/Roaming/TinyTeX/texmf-dist/tex/latex/beamer/beamerbasethemes.sty)) (c:/Users/guerr/AppData/Roaming/TinyTeX/texmf-dist/tex/latex/beamer/beamerthemedefault.sty (c:/Users/guerr/AppData/Roaming/TinyTeX/texmf-dist/tex/latex/beamer/beamerfontthemedefault.sty) (c:/Users/guerr/AppData/Roaming/TinyTeX/texmf-dist/tex/latex/beamer/beamercolorthemedefault.sty) (c:/Users/guerr/AppData/Roaming/TinyTeX/texmf-dist/tex/latex/beamer/beamerinnerthemedefault.sty
\beamer@dima=\dimen290
\beamer@dimb=\dimen291
) (c:/Users/guerr/AppData/Roaming/TinyTeX/texmf-dist/tex/latex/beamer/beamerouterthemedefault.sty))) (c:/Users/guerr/AppData/Roaming/TinyTeX/texmf-dist/tex/latex/pgf/utilities/pgfpages.sty
Package: pgfpages 2011/01/05 ver 0.02
(c:/Users/guerr/AppData/Roaming/TinyTeX/texmf-dist/tex/latex/tools/calc.sty
Package: calc 2017/05/25 v4.3 Infix arithmetic (KKT,FJ)
\calc@Acount=\count333
\calc@Bcount=\count334
\calc@Adimen=\dimen292
\calc@Bdimen=\dimen293
\calc@Askip=\skip64
\calc@Bskip=\skip65
LaTeX Info: Redefining \setlength on input line 80.
LaTeX Info: Redefining \addtolength on input line 81.
\calc@Ccount=\count335
\calc@Cskip=\skip66
)
\pgf@logicalpages=\count336
\pgf@firstshipout=\count337
\pgf@lastshipout=\count338
\pgf@currentshipout=\count339
\pgf@cpn=\count340
\pgf@shipoutnextto=\count341
\pgfphysicalheight=\dimen294
\pgfphysicalwidth=\dimen295
\pgfpages@shipoutbox=\box75
) (c:/Users/guerr/AppData/Roaming/TinyTeX/texmf-dist/tex/latex/lm/lmodern.sty
Package: lmodern 2015/05/01 v1.6.1 Latin Modern Fonts
LaTeX Font Info:    Overwriting symbol font `operators' in version `normal'
(Font)                  OT1/cmr/m/n --> OT1/lmr/m/n on input line 22.
LaTeX Font Info:    Overwriting symbol font `letters' in version `normal'
(Font)                  OML/cmm/m/it --> OML/lmm/m/it on input line 23.
LaTeX Font Info:    Overwriting symbol font `symbols' in version `normal'
(Font)                  OMS/cmsy/m/n --> OMS/lmsy/m/n on input line 24.
LaTeX Font Info:    Overwriting symbol font `largesymbols' in version `normal'
(Font)                  OMX/cmex/m/n --> OMX/lmex/m/n on input line 25.
LaTeX Font Info:    Overwriting symbol font `operators' in version `bold'
(Font)                  OT1/cmr/bx/n --> OT1/lmr/bx/n on input line 26.
LaTeX Font Info:    Overwriting symbol font `letters' in version `bold'
(Font)                  OML/cmm/b/it --> OML/lmm/b/it on input line 27.
LaTeX Font Info:    Overwriting symbol font `symbols' in version `bold'
(Font)                  OMS/cmsy/b/n --> OMS/lmsy/b/n on input line 28.
LaTeX Font Info:    Overwriting symbol font `largesymbols' in version `bold'
(Font)                  OMX/cmex/m/n --> OMX/lmex/m/n on input line 29.
LaTeX Font Info:    Overwriting math alphabet `\mathbf' in version `normal'
(Font)                  OT1/cmr/bx/n --> OT1/lmr/bx/n on input line 31.
LaTeX Font Info:    Overwriting math alphabet `\mathsf' in version `normal'
(Font)                  OT1/cmss/m/n --> OT1/lmss/m/n on input line 32.
LaTeX Font Info:    Overwriting math alphabet `\mathit' in version `normal'
(Font)                  OT1/cmr/m/it --> OT1/lmr/m/it on input line 33.
LaTeX Font Info:    Overwriting math alphabet `\mathtt' in version `normal'
(Font)                  OT1/cmtt/m/n --> OT1/lmtt/m/n on input line 34.
LaTeX Font Info:    Overwriting math alphabet `\mathbf' in version `bold'
(Font)                  OT1/cmr/bx/n --> OT1/lmr/bx/n on input line 35.
LaTeX Font Info:    Overwriting math alphabet `\mathsf' in version `bold'
(Font)                  OT1/cmss/bx/n --> OT1/lmss/bx/n on input line 36.
LaTeX Font Info:    Overwriting math alphabet `\mathit' in version `bold'
(Font)                  OT1/cmr/bx/it --> OT1/lmr/bx/it on input line 37.
LaTeX Font Info:    Overwriting math alphabet `\mathtt' in version `bold'
(Font)                  OT1/cmtt/m/n --> OT1/lmtt/m/n on input line 38.
) (c:/Users/guerr/AppData/Roaming/TinyTeX/texmf-dist/tex/latex/base/fontenc.sty
Package: fontenc 2021/04/29 v2.0v Standard LaTeX package
LaTeX Font Info:    Trying to load font information for T1+lmss on input line 112.
(c:/Users/guerr/AppData/Roaming/TinyTeX/texmf-dist/tex/latex/lm/t1lmss.fd
File: t1lmss.fd 2015/05/01 v1.6.1 Font defs for Latin Modern
)) (c:/Users/guerr/AppData/Roaming/TinyTeX/texmf-dist/tex/latex/base/inputenc.sty
Package: inputenc 2021/02/14 v1.3d Input encoding file
\inpenc@prehook=\toks45
\inpenc@posthook=\toks46
) (c:/Users/guerr/AppData/Roaming/TinyTeX/texmf-dist/tex/latex/base/textcomp.sty
Package: textcomp 2020/02/02 v2.0n Standard LaTeX package
) (c:/Users/guerr/AppData/Roaming/TinyTeX/texmf-dist/tex/latex/upquote/upquote.sty
Package: upquote 2012/04/19 v1.3 upright-quote and grave-accent glyphs in verbatim
) (c:/Users/guerr/AppData/Roaming/TinyTeX/texmf-dist/tex/latex/microtype/microtype.sty
Package: microtype 2022/02/22 v3.0c Micro-typographical refinements (RS)
\MT@toks=\toks47
\MT@tempbox=\box76
\MT@count=\count342
LaTeX Info: Redefining \noprotrusionifhmode on input line 1027.
LaTeX Info: Redefining \leftprotrusion on input line 1028.
LaTeX Info: Redefining \rightprotrusion on input line 1036.
LaTeX Info: Redefining \textls on input line 1200.
\MT@outer@kern=\dimen296
LaTeX Info: Redefining \textmicrotypecontext on input line 1786.
\MT@listname@count=\count343
(c:/Users/guerr/AppData/Roaming/TinyTeX/texmf-dist/tex/latex/microtype/microtype-pdftex.def
File: microtype-pdftex.def 2022/02/22 v3.0c Definitions specific to pdftex (RS)
LaTeX Info: Redefining \lsstyle on input line 897.
LaTeX Info: Redefining \lslig on input line 897.
\MT@outer@space=\skip67
)
Package microtype Info: Loading configuration file microtype.cfg.
(c:/Users/guerr/AppData/Roaming/TinyTeX/texmf-dist/tex/latex/microtype/microtype.cfg
File: microtype.cfg 2022/02/22 v3.0c microtype main configuration file (RS)
)) (c:/Users/guerr/AppData/Roaming/TinyTeX/texmf-dist/tex/latex/parskip/parskip.sty
Package: parskip 2021-03-14 v2.0h non-zero parskip adjustments
) (c:/Users/guerr/AppData/Roaming/TinyTeX/texmf-dist/tex/latex/bookmark/bookmark.sty
Package: bookmark 2020-11-06 v1.29 PDF bookmarks (HO)
(c:/Users/guerr/AppData/Roaming/TinyTeX/texmf-dist/tex/latex/bookmark/bkm-pdftex.def
File: bkm-pdftex.def 2020-11-06 v1.29 bookmark driver for pdfTeX (HO)
\BKM@id=\count344
)) (c:/Users/guerr/AppData/Roaming/TinyTeX/texmf-dist/tex/latex/fancyvrb/fancyvrb.sty
Package: fancyvrb 2021/12/21 4.1b verbatim text (tvz,hv)
\FV@CodeLineNo=\count345
\FV@InFile=\read3
\FV@TabBox=\box77
\c@FancyVerbLine=\count346
\FV@StepNumber=\count347
\FV@OutFile=\write5
) (c:/Users/guerr/AppData/Roaming/TinyTeX/texmf-dist/tex/latex/framed/framed.sty
Package: framed 2011/10/22 v 0.96: framed or shaded text with page breaks
\OuterFrameSep=\skip68
\fb@frw=\dimen297
\fb@frh=\dimen298
\FrameRule=\dimen299
\FrameSep=\dimen300
) (c:/Users/guerr/AppData/Roaming/TinyTeX/texmf-dist/tex/latex/l3backend/l3backend-pdftex.def
File: l3backend-pdftex.def 2022-02-07 L3 backend support: PDF output (pdfTeX)
\l__color_backend_stack_int=\count348
\l__pdf_internal_box=\box78
) (./3Graficas.aux)
\openout1 = `3Graficas.aux'.

LaTeX Font Info:    Checking defaults for OML/cmm/m/it on input line 149.
LaTeX Font Info:    ... okay on input line 149.
LaTeX Font Info:    Checking defaults for OMS/cmsy/m/n on input line 149.
LaTeX Font Info:    ... okay on input line 149.
LaTeX Font Info:    Checking defaults for OT1/cmr/m/n on input line 149.
LaTeX Font Info:    ... okay on input line 149.
LaTeX Font Info:    Checking defaults for T1/cmr/m/n on input line 149.
LaTeX Font Info:    ... okay on input line 149.
LaTeX Font Info:    Checking defaults for TS1/cmr/m/n on input line 149.
LaTeX Font Info:    ... okay on input line 149.
LaTeX Font Info:    Checking defaults for OMX/cmex/m/n on input line 149.
LaTeX Font Info:    ... okay on input line 149.
LaTeX Font Info:    Checking defaults for U/cmr/m/n on input line 149.
LaTeX Font Info:    ... okay on input line 149.
LaTeX Font Info:    Checking defaults for PD1/pdf/m/n on input line 149.
LaTeX Font Info:    ... okay on input line 149.
LaTeX Font Info:    Checking defaults for PU/pdf/m/n on input line 149.
LaTeX Font Info:    ... okay on input line 149.
*geometry* driver: auto-detecting
*geometry* detected driver: pdftex
*geometry* verbose mode - [ preamble ] result:
* driver: pdftex
* paper: custom
* layout: <same size as paper>
* layoutoffset:(h,v)=(0.0pt,0.0pt)
* modes: includehead includefoot 
* h-part:(L,W,R)=(28.45274pt, 307.28987pt, 28.45274pt)
* v-part:(T,H,B)=(0.0pt, 273.14662pt, 0.0pt)
* \paperwidth=364.19536pt
* \paperheight=273.14662pt
* \textwidth=307.28987pt
* \textheight=244.6939pt
* \oddsidemargin=-43.81725pt
* \evensidemargin=-43.81725pt
* \topmargin=-72.26999pt
* \headheight=14.22636pt
* \headsep=0.0pt
* \topskip=11.0pt
* \footskip=14.22636pt
* \marginparwidth=4.0pt
* \marginparsep=10.0pt
* \columnsep=10.0pt
* \skip\footins=10.0pt plus 4.0pt minus 2.0pt
* \hoffset=0.0pt
* \voffset=0.0pt
* \mag=1000
* \@twocolumnfalse
* \@twosidefalse
* \@mparswitchfalse
* \@reversemarginfalse
* (1in=72.27pt=25.4mm, 1cm=28.453pt)

(c:/Users/guerr/AppData/Roaming/TinyTeX/texmf-dist/tex/latex/epstopdf-pkg/epstopdf-base.sty
Package: epstopdf-base 2020-01-24 v2.11 Base part for package epstopdf
Package epstopdf-base Info: Redefining graphics rule for `.eps' on input line 485.
(c:/Users/guerr/AppData/Roaming/TinyTeX/texmf-dist/tex/latex/latexconfig/epstopdf-sys.cfg
File: epstopdf-sys.cfg 2010/07/13 v1.3 Configuration of (r)epstopdf for TeX Live
))
Package hyperref Info: Link coloring OFF on input line 149.
(c:/Users/guerr/AppData/Roaming/TinyTeX/texmf-dist/tex/latex/hyperref/nameref.sty
Package: nameref 2021-04-02 v2.47 Cross-referencing by name of section
(c:/Users/guerr/AppData/Roaming/TinyTeX/texmf-dist/tex/latex/refcount/refcount.sty
Package: refcount 2019/12/15 v3.6 Data extraction from label references (HO)
) (c:/Users/guerr/AppData/Roaming/TinyTeX/texmf-dist/tex/generic/gettitlestring/gettitlestring.sty
Package: gettitlestring 2019/12/15 v1.6 Cleanup title references (HO)
)
\c@section@level=\count349
)
LaTeX Info: Redefining \ref on input line 149.
LaTeX Info: Redefining \pageref on input line 149.
LaTeX Info: Redefining \nameref on input line 149.
LaTeX Font Info:    Overwriting symbol font `operators' in version `normal'
(Font)                  OT1/lmr/m/n --> OT1/cmss/m/n on input line 149.
LaTeX Font Info:    Overwriting symbol font `operators' in version `bold'
(Font)                  OT1/lmr/bx/n --> OT1/cmss/b/n on input line 149.
LaTeX Font Info:    Overwriting symbol font `operators' in version `normal'
(Font)                  OT1/cmss/m/n --> OT1/lmss/m/n on input line 149.
LaTeX Font Info:    Overwriting symbol font `operators' in version `bold'
(Font)                  OT1/cmss/b/n --> OT1/lmss/b/n on input line 149.
\symnumbers=\mathgroup6
\sympureletters=\mathgroup7
LaTeX Font Info:    Overwriting math alphabet `\mathrm' in version `normal'
(Font)                  OT1/lmss/m/n --> T1/lmr/m/n on input line 149.
LaTeX Font Info:    Redeclaring math alphabet \mathbf on input line 149.
LaTeX Font Info:    Overwriting math alphabet `\mathbf' in version `normal'
(Font)                  OT1/lmr/bx/n --> T1/lmss/b/n on input line 149.
LaTeX Font Info:    Overwriting math alphabet `\mathbf' in version `bold'
(Font)                  OT1/lmr/bx/n --> T1/lmss/b/n on input line 149.
LaTeX Font Info:    Redeclaring math alphabet \mathsf on input line 149.
LaTeX Font Info:    Overwriting math alphabet `\mathsf' in version `normal'
(Font)                  OT1/lmss/m/n --> T1/lmss/m/n on input line 149.
LaTeX Font Info:    Overwriting math alphabet `\mathsf' in version `bold'
(Font)                  OT1/lmss/bx/n --> T1/lmss/m/n on input line 149.
LaTeX Font Info:    Redeclaring math alphabet \mathit on input line 149.
LaTeX Font Info:    Overwriting math alphabet `\mathit' in version `normal'
(Font)                  OT1/lmr/m/it --> T1/lmss/m/it on input line 149.
LaTeX Font Info:    Overwriting math alphabet `\mathit' in version `bold'
(Font)                  OT1/lmr/bx/it --> T1/lmss/m/it on input line 149.
LaTeX Font Info:    Redeclaring math alphabet \mathtt on input line 149.
LaTeX Font Info:    Overwriting math alphabet `\mathtt' in version `normal'
(Font)                  OT1/lmtt/m/n --> T1/lmtt/m/n on input line 149.
LaTeX Font Info:    Overwriting math alphabet `\mathtt' in version `bold'
(Font)                  OT1/lmtt/m/n --> T1/lmtt/m/n on input line 149.
LaTeX Font Info:    Overwriting symbol font `numbers' in version `bold'
(Font)                  T1/lmss/m/n --> T1/lmss/b/n on input line 149.
LaTeX Font Info:    Overwriting symbol font `pureletters' in version `bold'
(Font)                  T1/lmss/m/it --> T1/lmss/b/it on input line 149.
LaTeX Font Info:    Overwriting math alphabet `\mathrm' in version `bold'
(Font)                  OT1/lmss/b/n --> T1/lmr/b/n on input line 149.
LaTeX Font Info:    Overwriting math alphabet `\mathbf' in version `bold'
(Font)                  T1/lmss/b/n --> T1/lmss/b/n on input line 149.
LaTeX Font Info:    Overwriting math alphabet `\mathsf' in version `bold'
(Font)                  T1/lmss/m/n --> T1/lmss/b/n on input line 149.
LaTeX Font Info:    Overwriting math alphabet `\mathit' in version `bold'
(Font)                  T1/lmss/m/it --> T1/lmss/b/it on input line 149.
LaTeX Font Info:    Overwriting math alphabet `\mathtt' in version `bold'
(Font)                  T1/lmtt/m/n --> T1/lmtt/b/n on input line 149.
(c:/Users/guerr/AppData/Roaming/TinyTeX/texmf-dist/tex/latex/translator/translator-basic-dictionary-English.dict
Dictionary: translator-basic-dictionary, Language: English 
) (c:/Users/guerr/AppData/Roaming/TinyTeX/texmf-dist/tex/latex/translator/translator-bibliography-dictionary-English.dict
Dictionary: translator-bibliography-dictionary, Language: English 
) (c:/Users/guerr/AppData/Roaming/TinyTeX/texmf-dist/tex/latex/translator/translator-environment-dictionary-English.dict
Dictionary: translator-environment-dictionary, Language: English 
) (c:/Users/guerr/AppData/Roaming/TinyTeX/texmf-dist/tex/latex/translator/translator-months-dictionary-English.dict
Dictionary: translator-months-dictionary, Language: English 
) (c:/Users/guerr/AppData/Roaming/TinyTeX/texmf-dist/tex/latex/translator/translator-numbers-dictionary-English.dict
Dictionary: translator-numbers-dictionary, Language: English 
) (c:/Users/guerr/AppData/Roaming/TinyTeX/texmf-dist/tex/latex/translator/translator-theorem-dictionary-English.dict
Dictionary: translator-theorem-dictionary, Language: English 
)
LaTeX Info: Redefining \microtypecontext on input line 149.
Package microtype Info: Applying patch `item' on input line 149.
Package microtype Info: Applying patch `toc' on input line 149.
Package microtype Info: Applying patch `eqnum' on input line 149.

Package microtype Warning: Unable to apply patch `footnote' on input line 149.

Package microtype Info: Generating PDF output.
Package microtype Info: Character protrusion enabled (level 2).
Package microtype Info: Using protrusion set `basicmath'.
Package microtype Info: Automatic font expansion enabled (level 2),
(microtype)             stretch: 20, shrink: 20, step: 1, non-selected.
Package microtype Info: Using default expansion set `alltext-nott'.
LaTeX Info: Redefining \showhyphens on input line 149.
Package microtype Info: No adjustment of tracking.
Package microtype Info: No adjustment of interword spacing.
Package microtype Info: No adjustment of character kerning.
Package microtype Info: Loading generic protrusion settings for font family
(microtype)             `lmss' (encoding: T1).
(microtype)             For optimal results, create family-specific settings.
(microtype)             See the microtype manual for details.
(./3Graficas.nav) [1

{c:/Users/guerr/AppData/Roaming/TinyTeX/texmf-var/fonts/map/pdftex/updmap/pdftex.map}]
\openout4 = `3Graficas.vrb'.

(./3Graficas.vrb
LaTeX Font Info:    Trying to load font information for T1+lmtt on input line 4.
(c:/Users/guerr/AppData/Roaming/TinyTeX/texmf-dist/tex/latex/lm/t1lmtt.fd
File: t1lmtt.fd 2015/05/01 v1.6.1 Font defs for Latin Modern
)) [2

]
\openout4 = `3Graficas.vrb'.

(./3Graficas.vrb) [3

]
\openout4 = `3Graficas.vrb'.

(./3Graficas.vrb) [4

]
\openout4 = `3Graficas.vrb'.

(./3Graficas.vrb) [5

]
\openout4 = `3Graficas.vrb'.

(./3Graficas.vrb
LaTeX Font Info:    Font shape `T1/lmtt/bx/n' in size <10.95> not available
(Font)              Font shape `T1/lmtt/b/n' tried instead on input line 5.
) [6

] [7

]
\openout4 = `3Graficas.vrb'.

(./3Graficas.vrb) [8

]
\openout4 = `3Graficas.vrb'.

(./3Graficas.vrb) [9

]
\openout4 = `3Graficas.vrb'.

(./3Graficas.vrb) [10

]
<3Graficas_files/figure-beamer/hist1b-1.pdf, id=80, 722.7pt x 505.89pt>
File: 3Graficas_files/figure-beamer/hist1b-1.pdf Graphic file (type pdf)
<use 3Graficas_files/figure-beamer/hist1b-1.pdf>
Package pdftex.def Info: 3Graficas_files/figure-beamer/hist1b-1.pdf  used on input line 271.
(pdftex.def)             Requested size: 307.2923pt x 215.1046pt.
[11

 <./3Graficas_files/figure-beamer/hist1b-1.pdf>]
\openout4 = `3Graficas.vrb'.

(./3Graficas.vrb) [12

]
\openout4 = `3Graficas.vrb'.

(./3Graficas.vrb) [13

]
\openout4 = `3Graficas.vrb'.

(./3Graficas.vrb) [14

]
<3Graficas_files/figure-beamer/hist2b-1.pdf, id=111, 722.7pt x 505.89pt>
File: 3Graficas_files/figure-beamer/hist2b-1.pdf Graphic file (type pdf)
<use 3Graficas_files/figure-beamer/hist2b-1.pdf>
Package pdftex.def Info: 3Graficas_files/figure-beamer/hist2b-1.pdf  used on input line 313.
(pdftex.def)             Requested size: 307.2923pt x 215.1046pt.
[15

 <./3Graficas_files/figure-beamer/hist2b-1.pdf>]
\openout4 = `3Graficas.vrb'.

(./3Graficas.vrb) [16

]
\openout4 = `3Graficas.vrb'.

(./3Graficas.vrb) [17

]
\openout4 = `3Graficas.vrb'.

(./3Graficas.vrb) [18

]
<3Graficas_files/figure-beamer/hist3b-1.pdf, id=141, 722.7pt x 505.89pt>
File: 3Graficas_files/figure-beamer/hist3b-1.pdf Graphic file (type pdf)
<use 3Graficas_files/figure-beamer/hist3b-1.pdf>
Package pdftex.def Info: 3Graficas_files/figure-beamer/hist3b-1.pdf  used on input line 357.
(pdftex.def)             Requested size: 307.2923pt x 215.1046pt.
[19

 <./3Graficas_files/figure-beamer/hist3b-1.pdf>]
\openout4 = `3Graficas.vrb'.

(./3Graficas.vrb) [20

]
\openout4 = `3Graficas.vrb'.

(./3Graficas.vrb) [21

]
\openout4 = `3Graficas.vrb'.

(./3Graficas.vrb) [22

]
<3Graficas_files/figure-beamer/hist4b-1.pdf, id=176, 722.7pt x 505.89pt>
File: 3Graficas_files/figure-beamer/hist4b-1.pdf Graphic file (type pdf)
<use 3Graficas_files/figure-beamer/hist4b-1.pdf>
Package pdftex.def Info: 3Graficas_files/figure-beamer/hist4b-1.pdf  used on input line 403.
(pdftex.def)             Requested size: 307.2923pt x 215.1046pt.
[23

 <./3Graficas_files/figure-beamer/hist4b-1.pdf>]
\openout4 = `3Graficas.vrb'.

(./3Graficas.vrb) [24

]
\openout4 = `3Graficas.vrb'.

(./3Graficas.vrb) [25

]
\openout4 = `3Graficas.vrb'.

(./3Graficas.vrb) [26

] [27

]
\openout4 = `3Graficas.vrb'.

(./3Graficas.vrb) [28

]
\openout4 = `3Graficas.vrb'.

(./3Graficas.vrb) [29

]
<3Graficas_files/figure-beamer/hist6b-1.pdf, id=228, 722.7pt x 505.89pt>
File: 3Graficas_files/figure-beamer/hist6b-1.pdf Graphic file (type pdf)
<use 3Graficas_files/figure-beamer/hist6b-1.pdf>
Package pdftex.def Info: 3Graficas_files/figure-beamer/hist6b-1.pdf  used on input line 487.
(pdftex.def)             Requested size: 307.2923pt x 215.1046pt.
[30

 <./3Graficas_files/figure-beamer/hist6b-1.pdf>]
\openout4 = `3Graficas.vrb'.

(./3Graficas.vrb
<3Graficas_files/figure-beamer/unnamed-chunk-5-1.pdf, id=243, 722.7pt x 505.89pt>
File: 3Graficas_files/figure-beamer/unnamed-chunk-5-1.pdf Graphic file (type pdf)
<use 3Graficas_files/figure-beamer/unnamed-chunk-5-1.pdf>
Package pdftex.def Info: 3Graficas_files/figure-beamer/unnamed-chunk-5-1.pdf  used on input line 10.
(pdftex.def)             Requested size: 307.2923pt x 215.1046pt.
)
Overfull \vbox (7.06905pt too high) detected at line 499
 []

[31

 <./3Graficas_files/figure-beamer/unnamed-chunk-5-1.pdf>]
\openout4 = `3Graficas.vrb'.

(./3Graficas.vrb
<3Graficas_files/figure-beamer/unnamed-chunk-6-1.pdf, id=259, 722.7pt x 505.89pt>
File: 3Graficas_files/figure-beamer/unnamed-chunk-6-1.pdf Graphic file (type pdf)
<use 3Graficas_files/figure-beamer/unnamed-chunk-6-1.pdf>
Package pdftex.def Info: 3Graficas_files/figure-beamer/unnamed-chunk-6-1.pdf  used on input line 10.
(pdftex.def)             Requested size: 307.2923pt x 215.1046pt.
)
Overfull \vbox (7.06905pt too high) detected at line 511
 []

[32

 <./3Graficas_files/figure-beamer/unnamed-chunk-6-1.pdf>]
\openout4 = `3Graficas.vrb'.

(./3Graficas.vrb
<3Graficas_files/figure-beamer/unnamed-chunk-7-1.pdf, id=276, 722.7pt x 505.89pt>
File: 3Graficas_files/figure-beamer/unnamed-chunk-7-1.pdf Graphic file (type pdf)
<use 3Graficas_files/figure-beamer/unnamed-chunk-7-1.pdf>
Package pdftex.def Info: 3Graficas_files/figure-beamer/unnamed-chunk-7-1.pdf  used on input line 10.
(pdftex.def)             Requested size: 307.2923pt x 215.1046pt.
)
Overfull \vbox (7.06905pt too high) detected at line 523
 []

[33

 <./3Graficas_files/figure-beamer/unnamed-chunk-7-1.pdf>]
\openout4 = `3Graficas.vrb'.

(./3Graficas.vrb) [34

]
<3Graficas_files/figure-beamer/hist7-1.pdf, id=298, 722.7pt x 505.89pt>
File: 3Graficas_files/figure-beamer/hist7-1.pdf Graphic file (type pdf)
<use 3Graficas_files/figure-beamer/hist7-1.pdf>
Package pdftex.def Info: 3Graficas_files/figure-beamer/hist7-1.pdf  used on input line 547.
(pdftex.def)             Requested size: 307.2923pt x 215.1046pt.
[35

 <./3Graficas_files/figure-beamer/hist7-1.pdf>]
\openout4 = `3Graficas.vrb'.

(./3Graficas.vrb) [36

]
<3Graficas_files/figure-beamer/hist8-1.pdf, id=316, 722.7pt x 505.89pt>
File: 3Graficas_files/figure-beamer/hist8-1.pdf Graphic file (type pdf)
<use 3Graficas_files/figure-beamer/hist8-1.pdf>
Package pdftex.def Info: 3Graficas_files/figure-beamer/hist8-1.pdf  used on input line 573.
(pdftex.def)             Requested size: 307.2923pt x 215.1046pt.
[37

 <./3Graficas_files/figure-beamer/hist8-1.pdf>]
\openout4 = `3Graficas.vrb'.

(./3Graficas.vrb
<3Graficas_files/figure-beamer/unnamed-chunk-8-1.pdf, id=329, 722.7pt x 505.89pt>
File: 3Graficas_files/figure-beamer/unnamed-chunk-8-1.pdf Graphic file (type pdf)
<use 3Graficas_files/figure-beamer/unnamed-chunk-8-1.pdf>
Package pdftex.def Info: 3Graficas_files/figure-beamer/unnamed-chunk-8-1.pdf  used on input line 11.
(pdftex.def)             Requested size: 307.2923pt x 215.1046pt.
)
Overfull \vbox (20.66905pt too high) detected at line 586
 []

[38

 <./3Graficas_files/figure-beamer/unnamed-chunk-8-1.pdf>]
\openout4 = `3Graficas.vrb'.

(./3Graficas.vrb) [39

]
<3Graficas_files/figure-beamer/hist9-1.pdf, id=347, 722.7pt x 505.89pt>
File: 3Graficas_files/figure-beamer/hist9-1.pdf Graphic file (type pdf)
<use 3Graficas_files/figure-beamer/hist9-1.pdf>
Package pdftex.def Info: 3Graficas_files/figure-beamer/hist9-1.pdf  used on input line 612.
(pdftex.def)             Requested size: 307.2923pt x 215.1046pt.
[40

 <./3Graficas_files/figure-beamer/hist9-1.pdf>]
\openout4 = `3Graficas.vrb'.

(./3Graficas.vrb
<3Graficas_files/figure-beamer/hist9a-1.pdf, id=359, 722.7pt x 505.89pt>
File: 3Graficas_files/figure-beamer/hist9a-1.pdf Graphic file (type pdf)
<use 3Graficas_files/figure-beamer/hist9a-1.pdf>
Package pdftex.def Info: 3Graficas_files/figure-beamer/hist9a-1.pdf  used on input line 11.
(pdftex.def)             Requested size: 307.2923pt x 215.1046pt.
)
Overfull \vbox (20.66905pt too high) detected at line 625
 []

[41

 <./3Graficas_files/figure-beamer/hist9a-1.pdf>]
\openout4 = `3Graficas.vrb'.

(./3Graficas.vrb
File: 3Graficas_files/figure-beamer/hist9a-1.pdf Graphic file (type pdf)
<use 3Graficas_files/figure-beamer/hist9a-1.pdf>
Package pdftex.def Info: 3Graficas_files/figure-beamer/hist9a-1.pdf  used on input line 11.
(pdftex.def)             Requested size: 307.2923pt x 215.1046pt.
)
Overfull \vbox (20.66905pt too high) detected at line 638
 []

[42

]
\openout4 = `3Graficas.vrb'.

(./3Graficas.vrb) [43

]
<3Graficas_files/figure-beamer/hist10-1.pdf, id=384, 722.7pt x 505.89pt>
File: 3Graficas_files/figure-beamer/hist10-1.pdf Graphic file (type pdf)
<use 3Graficas_files/figure-beamer/hist10-1.pdf>
Package pdftex.def Info: 3Graficas_files/figure-beamer/hist10-1.pdf  used on input line 664.
(pdftex.def)             Requested size: 307.2923pt x 215.1046pt.
[44

 <./3Graficas_files/figure-beamer/hist10-1.pdf>]
\openout4 = `3Graficas.vrb'.

(./3Graficas.vrb
<3Graficas_files/figure-beamer/unnamed-chunk-9-1.pdf, id=396, 722.7pt x 505.89pt>
File: 3Graficas_files/figure-beamer/unnamed-chunk-9-1.pdf Graphic file (type pdf)
<use 3Graficas_files/figure-beamer/unnamed-chunk-9-1.pdf>
Package pdftex.def Info: 3Graficas_files/figure-beamer/unnamed-chunk-9-1.pdf  used on input line 14.
(pdftex.def)             Requested size: 307.2923pt x 215.1046pt.
)
Overfull \vbox (15.08698pt too high) detected at line 680
 []

[45

 <./3Graficas_files/figure-beamer/unnamed-chunk-9-1.pdf>]
\openout4 = `3Graficas.vrb'.

(./3Graficas.vrb) [46

]
<3Graficas_files/figure-beamer/hist11-1.pdf, id=416, 722.7pt x 505.89pt>
File: 3Graficas_files/figure-beamer/hist11-1.pdf Graphic file (type pdf)
<use 3Graficas_files/figure-beamer/hist11-1.pdf>
Package pdftex.def Info: 3Graficas_files/figure-beamer/hist11-1.pdf  used on input line 706.
(pdftex.def)             Requested size: 307.2923pt x 215.1046pt.
[47

 <./3Graficas_files/figure-beamer/hist11-1.pdf>]
\openout4 = `3Graficas.vrb'.

(./3Graficas.vrb) [48

]
<3Graficas_files/figure-beamer/hist12-1.pdf, id=434, 722.7pt x 505.89pt>
File: 3Graficas_files/figure-beamer/hist12-1.pdf Graphic file (type pdf)
<use 3Graficas_files/figure-beamer/hist12-1.pdf>
Package pdftex.def Info: 3Graficas_files/figure-beamer/hist12-1.pdf  used on input line 735.
(pdftex.def)             Requested size: 307.2923pt x 215.1046pt.
[49

 <./3Graficas_files/figure-beamer/hist12-1.pdf>]
\openout4 = `3Graficas.vrb'.

(./3Graficas.vrb) [50

]
<3Graficas_files/figure-beamer/hist13-1.pdf, id=453, 722.7pt x 505.89pt>
File: 3Graficas_files/figure-beamer/hist13-1.pdf Graphic file (type pdf)
<use 3Graficas_files/figure-beamer/hist13-1.pdf>
Package pdftex.def Info: 3Graficas_files/figure-beamer/hist13-1.pdf  used on input line 753.
(pdftex.def)             Requested size: 307.2923pt x 215.1046pt.
[51

 <./3Graficas_files/figure-beamer/hist13-1.pdf>]
\openout4 = `3Graficas.vrb'.

(./3Graficas.vrb) [52

]
<3Graficas_files/figure-beamer/hist14-1.pdf, id=471, 722.7pt x 505.89pt>
File: 3Graficas_files/figure-beamer/hist14-1.pdf Graphic file (type pdf)
<use 3Graficas_files/figure-beamer/hist14-1.pdf>
Package pdftex.def Info: 3Graficas_files/figure-beamer/hist14-1.pdf  used on input line 771.
(pdftex.def)             Requested size: 307.2923pt x 215.1046pt.
[53

 <./3Graficas_files/figure-beamer/hist14-1.pdf>]
\openout4 = `3Graficas.vrb'.

(./3Graficas.vrb) [54

]
<3Graficas_files/figure-beamer/hist15-1.pdf, id=493, 722.7pt x 505.89pt>
File: 3Graficas_files/figure-beamer/hist15-1.pdf Graphic file (type pdf)
<use 3Graficas_files/figure-beamer/hist15-1.pdf>
Package pdftex.def Info: 3Graficas_files/figure-beamer/hist15-1.pdf  used on input line 789.
(pdftex.def)             Requested size: 307.2923pt x 215.1046pt.
[55

 <./3Graficas_files/figure-beamer/hist15-1.pdf>]
\openout4 = `3Graficas.vrb'.

(./3Graficas.vrb) [56

]
<3Graficas_files/figure-beamer/hist16-1.pdf, id=517, 722.7pt x 505.89pt>
File: 3Graficas_files/figure-beamer/hist16-1.pdf Graphic file (type pdf)
<use 3Graficas_files/figure-beamer/hist16-1.pdf>
Package pdftex.def Info: 3Graficas_files/figure-beamer/hist16-1.pdf  used on input line 810.
(pdftex.def)             Requested size: 307.2923pt x 215.1046pt.
[57

 <./3Graficas_files/figure-beamer/hist16-1.pdf>]
\openout4 = `3Graficas.vrb'.

(./3Graficas.vrb) [58

]
<3Graficas_files/figure-beamer/hist17-1.pdf, id=540, 722.7pt x 505.89pt>
File: 3Graficas_files/figure-beamer/hist17-1.pdf Graphic file (type pdf)
<use 3Graficas_files/figure-beamer/hist17-1.pdf>
Package pdftex.def Info: 3Graficas_files/figure-beamer/hist17-1.pdf  used on input line 831.
(pdftex.def)             Requested size: 307.2923pt x 215.1046pt.
[59

 <./3Graficas_files/figure-beamer/hist17-1.pdf>]
\openout4 = `3Graficas.vrb'.

(./3Graficas.vrb) [60

]
<3Graficas_files/figure-beamer/hist18-1.pdf, id=562, 722.7pt x 505.89pt>
File: 3Graficas_files/figure-beamer/hist18-1.pdf Graphic file (type pdf)
<use 3Graficas_files/figure-beamer/hist18-1.pdf>
Package pdftex.def Info: 3Graficas_files/figure-beamer/hist18-1.pdf  used on input line 852.
(pdftex.def)             Requested size: 307.2923pt x 215.1046pt.
[61

 <./3Graficas_files/figure-beamer/hist18-1.pdf>] [62

]
\openout4 = `3Graficas.vrb'.

(./3Graficas.vrb) [63

]
<3Graficas_files/figure-beamer/hist19-1.pdf, id=592, 722.7pt x 505.89pt>
File: 3Graficas_files/figure-beamer/hist19-1.pdf Graphic file (type pdf)
<use 3Graficas_files/figure-beamer/hist19-1.pdf>
Package pdftex.def Info: 3Graficas_files/figure-beamer/hist19-1.pdf  used on input line 884.
(pdftex.def)             Requested size: 307.2923pt x 215.1046pt.
[64

 <./3Graficas_files/figure-beamer/hist19-1.pdf>]
\openout4 = `3Graficas.vrb'.

(./3Graficas.vrb) [65

]
<3Graficas_files/figure-beamer/hist20-1.pdf, id=610, 722.7pt x 505.89pt>
File: 3Graficas_files/figure-beamer/hist20-1.pdf Graphic file (type pdf)
<use 3Graficas_files/figure-beamer/hist20-1.pdf>
Package pdftex.def Info: 3Graficas_files/figure-beamer/hist20-1.pdf  used on input line 912.
(pdftex.def)             Requested size: 307.2923pt x 215.1046pt.
[66

 <./3Graficas_files/figure-beamer/hist20-1.pdf>]
\openout4 = `3Graficas.vrb'.

(./3Graficas.vrb)
Overfull \vbox (1.76454pt too high) detected at line 938
 []

[67

]
<3Graficas_files/figure-beamer/hist21-1.pdf, id=629, 722.7pt x 505.89pt>
File: 3Graficas_files/figure-beamer/hist21-1.pdf Graphic file (type pdf)
<use 3Graficas_files/figure-beamer/hist21-1.pdf>
Package pdftex.def Info: 3Graficas_files/figure-beamer/hist21-1.pdf  used on input line 943.
(pdftex.def)             Requested size: 307.2923pt x 215.1046pt.
[68

 <./3Graficas_files/figure-beamer/hist21-1.pdf>]
\openout4 = `3Graficas.vrb'.

(./3Graficas.vrb) [69

]
<3Graficas_files/figure-beamer/hist22-1.pdf, id=647, 722.7pt x 505.89pt>
File: 3Graficas_files/figure-beamer/hist22-1.pdf Graphic file (type pdf)
<use 3Graficas_files/figure-beamer/hist22-1.pdf>
Package pdftex.def Info: 3Graficas_files/figure-beamer/hist22-1.pdf  used on input line 971.
(pdftex.def)             Requested size: 307.2923pt x 215.1046pt.
[70

 <./3Graficas_files/figure-beamer/hist22-1.pdf>]
\openout4 = `3Graficas.vrb'.

(./3Graficas.vrb) [71

]
<3Graficas_files/figure-beamer/hist23-1.pdf, id=666, 722.7pt x 505.89pt>
File: 3Graficas_files/figure-beamer/hist23-1.pdf Graphic file (type pdf)
<use 3Graficas_files/figure-beamer/hist23-1.pdf>
Package pdftex.def Info: 3Graficas_files/figure-beamer/hist23-1.pdf  used on input line 999.
(pdftex.def)             Requested size: 307.2923pt x 215.1046pt.
[72

 <./3Graficas_files/figure-beamer/hist23-1.pdf>] [73

]
\openout4 = `3Graficas.vrb'.

(./3Graficas.vrb) [74

]
<3Graficas_files/figure-beamer/hist24-1.pdf, id=692, 722.7pt x 505.89pt>
File: 3Graficas_files/figure-beamer/hist24-1.pdf Graphic file (type pdf)
<use 3Graficas_files/figure-beamer/hist24-1.pdf>
Package pdftex.def Info: 3Graficas_files/figure-beamer/hist24-1.pdf  used on input line 1020.
(pdftex.def)             Requested size: 307.2923pt x 215.1046pt.
[75

 <./3Graficas_files/figure-beamer/hist24-1.pdf>]
\openout4 = `3Graficas.vrb'.

(./3Graficas.vrb) [76

]
<3Graficas_files/figure-beamer/hist25-1.pdf, id=710, 722.7pt x 505.89pt>
File: 3Graficas_files/figure-beamer/hist25-1.pdf Graphic file (type pdf)
<use 3Graficas_files/figure-beamer/hist25-1.pdf>
Package pdftex.def Info: 3Graficas_files/figure-beamer/hist25-1.pdf  used on input line 1046.
(pdftex.def)             Requested size: 307.2923pt x 215.1046pt.
[77

 <./3Graficas_files/figure-beamer/hist25-1.pdf>]
\openout4 = `3Graficas.vrb'.

(./3Graficas.vrb) [78

]
\openout4 = `3Graficas.vrb'.

(./3Graficas.vrb) [79

]
<3Graficas_files/figure-beamer/hist27-1.pdf, id=735, 722.7pt x 505.89pt>
File: 3Graficas_files/figure-beamer/hist27-1.pdf Graphic file (type pdf)
<use 3Graficas_files/figure-beamer/hist27-1.pdf>
Package pdftex.def Info: 3Graficas_files/figure-beamer/hist27-1.pdf  used on input line 1095.
(pdftex.def)             Requested size: 307.2923pt x 215.1046pt.
[80

 <./3Graficas_files/figure-beamer/hist27-1.pdf>]
\openout4 = `3Graficas.vrb'.

(./3Graficas.vrb) [81

]
<3Graficas_files/figure-beamer/hist28-1.pdf, id=753, 722.7pt x 505.89pt>
File: 3Graficas_files/figure-beamer/hist28-1.pdf Graphic file (type pdf)
<use 3Graficas_files/figure-beamer/hist28-1.pdf>
Package pdftex.def Info: 3Graficas_files/figure-beamer/hist28-1.pdf  used on input line 1114.
(pdftex.def)             Requested size: 307.2923pt x 215.1046pt.
[82

 <./3Graficas_files/figure-beamer/hist28-1.pdf>]
\openout4 = `3Graficas.vrb'.

(./3Graficas.vrb) [83

]
\openout4 = `3Graficas.vrb'.

(./3Graficas.vrb
LaTeX Font Info:    Trying to load font information for TS1+lmtt on input line 12.
(c:/Users/guerr/AppData/Roaming/TinyTeX/texmf-dist/tex/latex/lm/ts1lmtt.fd
File: ts1lmtt.fd 2015/05/01 v1.6.1 Font defs for Latin Modern
)) [84

]
\openout4 = `3Graficas.vrb'.

(./3Graficas.vrb) [85

]
\openout4 = `3Graficas.vrb'.

(./3Graficas.vrb) [86

]
<3Graficas_files/figure-beamer/hist31-1.pdf, id=793, 722.7pt x 505.89pt>
File: 3Graficas_files/figure-beamer/hist31-1.pdf Graphic file (type pdf)
<use 3Graficas_files/figure-beamer/hist31-1.pdf>
Package pdftex.def Info: 3Graficas_files/figure-beamer/hist31-1.pdf  used on input line 1203.
(pdftex.def)             Requested size: 307.2923pt x 215.1046pt.
[87

 <./3Graficas_files/figure-beamer/hist31-1.pdf>]
\tf@nav=\write6
\openout6 = `3Graficas.nav'.

\tf@toc=\write7
\openout7 = `3Graficas.toc'.

\tf@snm=\write8
\openout8 = `3Graficas.snm'.

(./3Graficas.aux) ) 
Here is how much of TeX's memory you used:
 24693 strings out of 480216
 484161 string characters out of 5893255
 747079 words of memory out of 5000000
 41764 multiletter control sequences out of 15000+600000
 486677 words of font info for 51 fonts, out of 8000000 for 9000
 14 hyphenation exceptions out of 8191
 99i,11n,104p,1006b,438s stack positions out of 5000i,500n,10000p,200000b,80000s
{c:/Users/guerr/AppData/Roaming/TinyTeX/texmf-dist/fonts/enc/dvips/lm/lm-ec.enc}{c:/Users/guerr/AppData/Roaming/TinyTeX/texmf-dist/fonts/enc/dvips/lm/lm-ts1.enc}<c:/Users/guerr/AppData/Roaming/TinyTeX/texmf-dist/fonts/type1/public/lm/lmss10.pfb><c:/Users/guerr/AppData/Roaming/TinyTeX/texmf-dist/fonts/type1/public/lm/lmss12.pfb><c:/Users/guerr/AppData/Roaming/TinyTeX/texmf-dist/fonts/type1/public/lm/lmtk10.pfb><c:/Users/guerr/AppData/Roaming/TinyTeX/texmf-dist/fonts/type1/public/lm/lmtt10.pfb><c:/Users/guerr/AppData/Roaming/TinyTeX/texmf-dist/fonts/type1/public/lm/lmtt12.pfb><c:/Users/guerr/AppData/Roaming/TinyTeX/texmf-dist/fonts/type1/public/lm/lmtt8.pfb><c:/Users/guerr/AppData/Roaming/TinyTeX/texmf-dist/fonts/type1/public/lm/lmtti10.pfb>
Output written on 3Graficas.pdf (87 pages, 736756 bytes).
PDF statistics:
 912 PDF objects out of 1000 (max. 8388607)
 727 compressed objects within 8 object streams
 261 named destinations out of 1000 (max. 500000)
 10472 words of extra memory for PDF output out of 12000 (max. 10000000)

